<?xml version="1.0" encoding="UTF-8"?>
<!-- Generated by org.testng.reporters.JUnitReportReporter -->
<testsuite skipped="0" hostname="DESKTOP-00TOGTN" name="rahulshettyacdemy.SeleniumTest" tests="2" failures="0" timestamp="2020-09-28T12:07:15 IST" time="0.002" errors="0">
  <testcase name="elementsUi" time="0.001" classname="rahulshettyacdemy.SeleniumTest"/>
  <system-out/>
  <testcase name="Browserautomation" time="0.001" classname="rahulshettyacdemy.SeleniumTest"/>
  <system-out/>
</testsuite> <!-- rahulshettyacdemy.SeleniumTest -->
