<?xml version="1.0" encoding="UTF-8"?>
<!-- Generated by org.testng.reporters.JUnitReportReporter -->
<testsuite skipped="0" hostname="DESKTOP-00TOGTN" name="rahulshettyacdemy.RestApiTest" tests="2" failures="0" timestamp="2020-09-28T12:07:15 IST" time="0.009" errors="0">
  <testcase name="deleteTwitter" time="0.009" classname="rahulshettyacdemy.RestApiTest"/>
  <system-out/>
  <testcase name="postjira" time="0.000" classname="rahulshettyacdemy.RestApiTest"/>
  <system-out/>
</testsuite> <!-- rahulshettyacdemy.RestApiTest -->
