<?xml version="1.0" encoding="UTF-8"?>
<!-- Generated by org.testng.reporters.JUnitReportReporter -->
<testsuite skipped="0" hostname="DESKTOP-00TOGTN" name="rahulshettyacdemy.AppiumTest" tests="2" failures="0" timestamp="2020-09-28T12:07:15 IST" time="0.002" errors="0">
  <testcase name="IOSApp" time="0.000" classname="rahulshettyacdemy.AppiumTest"/>
  <system-out/>
  <testcase name="nativeAppAndroid" time="0.002" classname="rahulshettyacdemy.AppiumTest"/>
  <system-out/>
</testsuite> <!-- rahulshettyacdemy.AppiumTest -->
